<?xml version="1.0" encoding="UTF-8"?>
<testsuite name="Search Bulbasaur" tests="4" skipped="0" failures="2" errors="0" timestamp="2020-04-29T08:46:26" hostname="JonathanTheodoric" time="98.071">
  <properties/>
  <testcase name="User open bulbapedia home page" classname="Search Bulbasaur" time="30.394"/>
  <testcase name="User input search &quot;Bulbasaur&quot; on home page and press enter" classname="Search Bulbasaur" time="61.696"/>
  <testcase name="User see article with title &quot;Bulbasaur&quot; on article page" classname="Search Bulbasaur" time="5.197">
    <failure message="org.openqa.selenium.NoSuchElementException: no such element: Unable to locate element: {&quot;method&quot;:&quot;xpath&quot;,&quot;selector&quot;:&quot;//table[@class='roundy']//a[@title='List of PokÃ©mon by National PokÃ©dex number']/span&quot;}&#10;  (Session info: chrome=81.0.4044.129)&#10;For documentation on this error, please visit: https://www.seleniumhq.org/exceptions/no_such_element.html&#10;Build info: version: '3.141.59', revision: 'e82be7d358', time: '2018-11-14T08:17:03'&#10;System info: host: 'JONATHANTHEODOR', ip: '172.20.10.5', os.name: 'Windows 10', os.arch: 'amd64', os.version: '10.0', java.version: '1.8.0_101'&#10;Driver info: org.openqa.selenium.chrome.ChromeDriver&#10;Capabilities {acceptInsecureCerts: false, browserName: chrome, browserVersion: 81.0.4044.129, chrome: {chromedriverVersion: 81.0.4044.69 (6813546031a4b..., userDataDir: C:\Users\JONATH~1\AppData\L...}, goog:chromeOptions: {debuggerAddress: localhost:56041}, javascriptEnabled: true, networkConnectionEnabled: false, pageLoadStrategy: normal, platform: WINDOWS, platformName: WINDOWS, proxy: Proxy(), setWindowRect: true, strictFileInteractability: false, timeouts: {implicit: 0, pageLoad: 300000, script: 30000}, unhandledPromptBehavior: dismiss and notify, webauthn:virtualAuthenticators: true}&#10;Session ID: 2c6da1315264a91f275fc4593267d4b4&#10;*** Element info: {Using=xpath, value=//table[@class='roundy']//a[@title='List of PokÃ©mon by National PokÃ©dex number']/span}" type="org.openqa.selenium.NoSuchElementException">org.openqa.selenium.NoSuchElementException: no such element: Unable to locate element: {&quot;method&quot;:&quot;xpath&quot;,&quot;selector&quot;:&quot;//table[@class='roundy']//a[@title='List of PokÃ©mon by National PokÃ©dex number']/span&quot;}
  (Session info: chrome=81.0.4044.129)
For documentation on this error, please visit: https://www.seleniumhq.org/exceptions/no_such_element.html
Build info: version: '3.141.59', revision: 'e82be7d358', time: '2018-11-14T08:17:03'
System info: host: 'JONATHANTHEODOR', ip: '172.20.10.5', os.name: 'Windows 10', os.arch: 'amd64', os.version: '10.0', java.version: '1.8.0_101'
Driver info: org.openqa.selenium.chrome.ChromeDriver
Capabilities {acceptInsecureCerts: false, browserName: chrome, browserVersion: 81.0.4044.129, chrome: {chromedriverVersion: 81.0.4044.69 (6813546031a4b..., userDataDir: C:\Users\JONATH~1\AppData\L...}, goog:chromeOptions: {debuggerAddress: localhost:56041}, javascriptEnabled: true, networkConnectionEnabled: false, pageLoadStrategy: normal, platform: WINDOWS, platformName: WINDOWS, proxy: Proxy(), setWindowRect: true, strictFileInteractability: false, timeouts: {implicit: 0, pageLoad: 300000, script: 30000}, unhandledPromptBehavior: dismiss and notify, webauthn:virtualAuthenticators: true}
Session ID: 2c6da1315264a91f275fc4593267d4b4
*** Element info: {Using=xpath, value=//table[@class='roundy']//a[@title='List of PokÃ©mon by National PokÃ©dex number']/span}
	at sun.reflect.NativeConstructorAccessorImpl.newInstance0(Native Method)
	at sun.reflect.NativeConstructorAccessorImpl.newInstance(NativeConstructorAccessorImpl.java:62)
	at sun.reflect.DelegatingConstructorAccessorImpl.newInstance(DelegatingConstructorAccessorImpl.java:45)
	at java.lang.reflect.Constructor.newInstance(Constructor.java:423)
	at org.openqa.selenium.remote.http.W3CHttpResponseCodec.createException(W3CHttpResponseCodec.java:187)
	at org.openqa.selenium.remote.http.W3CHttpResponseCodec.decode(W3CHttpResponseCodec.java:122)
	at org.openqa.selenium.remote.http.W3CHttpResponseCodec.decode(W3CHttpResponseCodec.java:49)
	at org.openqa.selenium.remote.HttpCommandExecutor.execute(HttpCommandExecutor.java:158)
	at org.openqa.selenium.remote.service.DriverCommandExecutor.execute(DriverCommandExecutor.java:83)
	at org.openqa.selenium.remote.RemoteWebDriver.execute(RemoteWebDriver.java:552)
	at org.openqa.selenium.remote.RemoteWebDriver.findElement(RemoteWebDriver.java:323)
	at org.openqa.selenium.remote.RemoteWebDriver.findElementByXPath(RemoteWebDriver.java:428)
	at org.openqa.selenium.By$ByXPath.findElement(By.java:353)
	at org.openqa.selenium.remote.RemoteWebDriver.findElement(RemoteWebDriver.java:315)
	at demo.pages.ArticlePage.getTitle(ArticlePage.java:9)
	at demo.steps.PokemonStepDefinition.userSeeArticleWithTitleOnArticlePage(PokemonStepDefinition.java:24)
	at ✽.User see article with title &quot;Bulbasaur&quot; on article page(file:///C:/Users/Jonathan%20Theodoric/IdeaProjects/Web_JonathanTheodoric/src/test/resources/features/PokemonSearch.feature:10)
</failure>
  </testcase>
  <testcase name="classMethod" classname="Search Bulbasaur" time="101.689">
    <failure message="org.openqa.selenium.NoSuchElementException: no such element: Unable to locate element: {&quot;method&quot;:&quot;xpath&quot;,&quot;selector&quot;:&quot;//table[@class='roundy']//a[@title='List of PokÃ©mon by National PokÃ©dex number']/span&quot;}&#10;  (Session info: chrome=81.0.4044.129)&#10;For documentation on this error, please visit: https://www.seleniumhq.org/exceptions/no_such_element.html&#10;Build info: version: '3.141.59', revision: 'e82be7d358', time: '2018-11-14T08:17:03'&#10;System info: host: 'JONATHANTHEODOR', ip: '172.20.10.5', os.name: 'Windows 10', os.arch: 'amd64', os.version: '10.0', java.version: '1.8.0_101'&#10;Driver info: org.openqa.selenium.chrome.ChromeDriver&#10;Capabilities {acceptInsecureCerts: false, browserName: chrome, browserVersion: 81.0.4044.129, chrome: {chromedriverVersion: 81.0.4044.69 (6813546031a4b..., userDataDir: C:\Users\JONATH~1\AppData\L...}, goog:chromeOptions: {debuggerAddress: localhost:56041}, javascriptEnabled: true, networkConnectionEnabled: false, pageLoadStrategy: normal, platform: WINDOWS, platformName: WINDOWS, proxy: Proxy(), setWindowRect: true, strictFileInteractability: false, timeouts: {implicit: 0, pageLoad: 300000, script: 30000}, unhandledPromptBehavior: dismiss and notify, webauthn:virtualAuthenticators: true}&#10;Session ID: 2c6da1315264a91f275fc4593267d4b4&#10;*** Element info: {Using=xpath, value=//table[@class='roundy']//a[@title='List of PokÃ©mon by National PokÃ©dex number']/span}" type="org.openqa.selenium.NoSuchElementException">org.openqa.selenium.NoSuchElementException: no such element: Unable to locate element: {&quot;method&quot;:&quot;xpath&quot;,&quot;selector&quot;:&quot;//table[@class='roundy']//a[@title='List of PokÃ©mon by National PokÃ©dex number']/span&quot;}
  (Session info: chrome=81.0.4044.129)
For documentation on this error, please visit: https://www.seleniumhq.org/exceptions/no_such_element.html
Build info: version: '3.141.59', revision: 'e82be7d358', time: '2018-11-14T08:17:03'
System info: host: 'JONATHANTHEODOR', ip: '172.20.10.5', os.name: 'Windows 10', os.arch: 'amd64', os.version: '10.0', java.version: '1.8.0_101'
Driver info: org.openqa.selenium.chrome.ChromeDriver
Capabilities {acceptInsecureCerts: false, browserName: chrome, browserVersion: 81.0.4044.129, chrome: {chromedriverVersion: 81.0.4044.69 (6813546031a4b..., userDataDir: C:\Users\JONATH~1\AppData\L...}, goog:chromeOptions: {debuggerAddress: localhost:56041}, javascriptEnabled: true, networkConnectionEnabled: false, pageLoadStrategy: normal, platform: WINDOWS, platformName: WINDOWS, proxy: Proxy(), setWindowRect: true, strictFileInteractability: false, timeouts: {implicit: 0, pageLoad: 300000, script: 30000}, unhandledPromptBehavior: dismiss and notify, webauthn:virtualAuthenticators: true}
Session ID: 2c6da1315264a91f275fc4593267d4b4
*** Element info: {Using=xpath, value=//table[@class='roundy']//a[@title='List of PokÃ©mon by National PokÃ©dex number']/span}
	at sun.reflect.NativeConstructorAccessorImpl.newInstance0(Native Method)
	at sun.reflect.NativeConstructorAccessorImpl.newInstance(NativeConstructorAccessorImpl.java:62)
	at sun.reflect.DelegatingConstructorAccessorImpl.newInstance(DelegatingConstructorAccessorImpl.java:45)
	at java.lang.reflect.Constructor.newInstance(Constructor.java:423)
	at org.openqa.selenium.remote.http.W3CHttpResponseCodec.createException(W3CHttpResponseCodec.java:187)
	at org.openqa.selenium.remote.http.W3CHttpResponseCodec.decode(W3CHttpResponseCodec.java:122)
	at org.openqa.selenium.remote.http.W3CHttpResponseCodec.decode(W3CHttpResponseCodec.java:49)
	at org.openqa.selenium.remote.HttpCommandExecutor.execute(HttpCommandExecutor.java:158)
	at org.openqa.selenium.remote.service.DriverCommandExecutor.execute(DriverCommandExecutor.java:83)
	at org.openqa.selenium.remote.RemoteWebDriver.execute(RemoteWebDriver.java:552)
	at org.openqa.selenium.remote.RemoteWebDriver.findElement(RemoteWebDriver.java:323)
	at org.openqa.selenium.remote.RemoteWebDriver.findElementByXPath(RemoteWebDriver.java:428)
	at org.openqa.selenium.By$ByXPath.findElement(By.java:353)
	at org.openqa.selenium.remote.RemoteWebDriver.findElement(RemoteWebDriver.java:315)
	at demo.pages.ArticlePage.getTitle(ArticlePage.java:9)
	at demo.steps.PokemonStepDefinition.userSeeArticleWithTitleOnArticlePage(PokemonStepDefinition.java:24)
	at ✽.User see article with title &quot;Bulbasaur&quot; on article page(file:///C:/Users/Jonathan%20Theodoric/IdeaProjects/Web_JonathanTheodoric/src/test/resources/features/PokemonSearch.feature:10)
</failure>
  </testcase>
  <system-out><![CDATA[]]></system-out>
  <system-err><![CDATA[Starting ChromeDriver 81.0.4044.69 (6813546031a4bc83f717a2ef7cd4ac6ec1199132-refs/branch-heads/4044@{#776}) on port 9965
Only local connections are allowed.
Please protect ports used by ChromeDriver and related test frameworks to prevent access by malicious code.
Apr 29, 2020 3:46:26 PM org.openqa.selenium.remote.ProtocolHandshake createSession
INFO: Detected dialect: W3C
[1588149988.644][SEVERE]: Timed out receiving message from renderer: 0.100
[1588149988.745][SEVERE]: Timed out receiving message from renderer: 0.100
[1588149988.847][SEVERE]: Timed out receiving message from renderer: 0.100
[1588149988.948][SEVERE]: Timed out receiving message from renderer: 0.100
[1588149989.051][SEVERE]: Timed out receiving message from renderer: 0.100
[1588149989.156][SEVERE]: Timed out receiving message from renderer: 0.100
[1588149989.257][SEVERE]: Timed out receiving message from renderer: 0.100
[1588149989.359][SEVERE]: Timed out receiving message from renderer: 0.100
[1588149989.464][SEVERE]: Timed out receiving message from renderer: 0.100
[1588149989.566][SEVERE]: Timed out receiving message from renderer: 0.100
[1588149989.668][SEVERE]: Timed out receiving message from renderer: 0.100
[1588149990.371][SEVERE]: Timed out receiving message from renderer: 0.100
[1588149990.477][SEVERE]: Timed out receiving message from renderer: 0.100
[1588149990.579][SEVERE]: Timed out receiving message from renderer: 0.100
[1588149990.680][SEVERE]: Timed out receiving message from renderer: 0.100
[1588149990.783][SEVERE]: Timed out receiving message from renderer: 0.100
[1588149990.884][SEVERE]: Timed out receiving message from renderer: 0.100
[1588149990.986][SEVERE]: Timed out receiving message from renderer: 0.100
[1588149991.089][SEVERE]: Timed out receiving message from renderer: 0.100
[1588149991.190][SEVERE]: Timed out receiving message from renderer: 0.100
[1588149991.291][SEVERE]: Timed out receiving message from renderer: 0.100
[1588149991.392][SEVERE]: Timed out receiving message from renderer: 0.100
[1588149991.495][SEVERE]: Timed out receiving message from renderer: 0.100
[1588149991.597][SEVERE]: Timed out receiving message from renderer: 0.100
[1588149991.698][SEVERE]: Timed out receiving message from renderer: 0.100
[1588149991.800][SEVERE]: Timed out receiving message from renderer: 0.100
[1588149991.902][SEVERE]: Timed out receiving message from renderer: 0.100
[1588149992.003][SEVERE]: Timed out receiving message from renderer: 0.100
[1588149992.105][SEVERE]: Timed out receiving message from renderer: 0.100
[1588149992.206][SEVERE]: Timed out receiving message from renderer: 0.100
[1588149992.308][SEVERE]: Timed out receiving message from renderer: 0.100
[1588149992.409][SEVERE]: Timed out receiving message from renderer: 0.100
[1588149992.510][SEVERE]: Timed out receiving message from renderer: 0.100
[1588149992.612][SEVERE]: Timed out receiving message from renderer: 0.100
[1588149992.713][SEVERE]: Timed out receiving message from renderer: 0.100
[1588149992.815][SEVERE]: Timed out receiving message from renderer: 0.100
[1588149992.917][SEVERE]: Timed out receiving message from renderer: 0.100
[1588149993.018][SEVERE]: Timed out receiving message from renderer: 0.100
[1588149993.119][SEVERE]: Timed out receiving message from renderer: 0.100
[1588149993.222][SEVERE]: Timed out receiving message from renderer: 0.100
[1588149993.330][SEVERE]: Timed out receiving message from renderer: 0.100
[1588149993.432][SEVERE]: Timed out receiving message from renderer: 0.100
[1588149993.534][SEVERE]: Timed out receiving message from renderer: 0.100
[1588149993.636][SEVERE]: Timed out receiving message from renderer: 0.100
[1588149993.738][SEVERE]: Timed out receiving message from renderer: 0.100
[1588149993.839][SEVERE]: Timed out receiving message from renderer: 0.100
[1588149993.940][SEVERE]: Timed out receiving message from renderer: 0.100
[1588149994.042][SEVERE]: Timed out receiving message from renderer: 0.100
[1588149994.144][SEVERE]: Timed out receiving message from renderer: 0.100
[1588149994.246][SEVERE]: Timed out receiving message from renderer: 0.100
[1588149994.347][SEVERE]: Timed out receiving message from renderer: 0.100
[1588149994.450][SEVERE]: Timed out receiving message from renderer: 0.100
[1588149994.552][SEVERE]: Timed out receiving message from renderer: 0.100
[1588149994.653][SEVERE]: Timed out receiving message from renderer: 0.100
[1588149994.755][SEVERE]: Timed out receiving message from renderer: 0.100
[1588149994.856][SEVERE]: Timed out receiving message from renderer: 0.100
[1588149994.958][SEVERE]: Timed out receiving message from renderer: 0.100
[1588149995.063][SEVERE]: Timed out receiving message from renderer: 0.100
[1588149995.168][SEVERE]: Timed out receiving message from renderer: 0.100
[1588149995.270][SEVERE]: Timed out receiving message from renderer: 0.100
[1588149995.373][SEVERE]: Timed out receiving message from renderer: 0.100
[1588149995.476][SEVERE]: Timed out receiving message from renderer: 0.100
[1588149995.578][SEVERE]: Timed out receiving message from renderer: 0.100
[1588149995.679][SEVERE]: Timed out receiving message from renderer: 0.100
[1588149995.782][SEVERE]: Timed out receiving message from renderer: 0.100
[1588149995.885][SEVERE]: Timed out receiving message from renderer: 0.100
[1588149995.988][SEVERE]: Timed out receiving message from renderer: 0.100
[1588149996.090][SEVERE]: Timed out receiving message from renderer: 0.100
[1588149996.191][SEVERE]: Timed out receiving message from renderer: 0.100
[1588149996.292][SEVERE]: Timed out receiving message from renderer: 0.100
[1588149996.394][SEVERE]: Timed out receiving message from renderer: 0.100
[1588149996.496][SEVERE]: Timed out receiving message from renderer: 0.100
[1588149996.597][SEVERE]: Timed out receiving message from renderer: 0.100
[1588149996.699][SEVERE]: Timed out receiving message from renderer: 0.100
[1588149996.800][SEVERE]: Timed out receiving message from renderer: 0.100
[1588149996.902][SEVERE]: Timed out receiving message from renderer: 0.100
[1588149997.003][SEVERE]: Timed out receiving message from renderer: 0.100
[1588149997.105][SEVERE]: Timed out receiving message from renderer: 0.100
[1588149997.206][SEVERE]: Timed out receiving message from renderer: 0.100
[1588149997.307][SEVERE]: Timed out receiving message from renderer: 0.100
[1588149997.479][SEVERE]: Timed out receiving message from renderer: 0.100
[1588149997.592][SEVERE]: Timed out receiving message from renderer: 0.100
[1588149997.694][SEVERE]: Timed out receiving message from renderer: 0.100
[1588149997.796][SEVERE]: Timed out receiving message from renderer: 0.100
[1588149997.897][SEVERE]: Timed out receiving message from renderer: 0.100
[1588149997.999][SEVERE]: Timed out receiving message from renderer: 0.100
[1588149998.100][SEVERE]: Timed out receiving message from renderer: 0.100
[1588149998.202][SEVERE]: Timed out receiving message from renderer: 0.100
[1588149998.304][SEVERE]: Timed out receiving message from renderer: 0.100
[1588149998.405][SEVERE]: Timed out receiving message from renderer: 0.100
[1588149998.507][SEVERE]: Timed out receiving message from renderer: 0.100
[1588149998.608][SEVERE]: Timed out receiving message from renderer: 0.100
[1588149998.710][SEVERE]: Timed out receiving message from renderer: 0.100
[1588149998.811][SEVERE]: Timed out receiving message from renderer: 0.100
[1588149998.916][SEVERE]: Timed out receiving message from renderer: 0.100
[1588149999.018][SEVERE]: Timed out receiving message from renderer: 0.100
[1588149999.120][SEVERE]: Timed out receiving message from renderer: 0.100
[1588149999.221][SEVERE]: Timed out receiving message from renderer: 0.100
[1588149999.322][SEVERE]: Timed out receiving message from renderer: 0.100
[1588149999.424][SEVERE]: Timed out receiving message from renderer: 0.100
[1588149999.526][SEVERE]: Timed out receiving message from renderer: 0.100
[1588149999.627][SEVERE]: Timed out receiving message from renderer: 0.100
[1588149999.729][SEVERE]: Timed out receiving message from renderer: 0.100
[1588149999.830][SEVERE]: Timed out receiving message from renderer: 0.100
[1588149999.933][SEVERE]: Timed out receiving message from renderer: 0.100
[1588150000.036][SEVERE]: Timed out receiving message from renderer: 0.100
[1588150000.138][SEVERE]: Timed out receiving message from renderer: 0.100
[1588150000.240][SEVERE]: Timed out receiving message from renderer: 0.100
[1588150000.342][SEVERE]: Timed out receiving message from renderer: 0.100
[1588150000.443][SEVERE]: Timed out receiving message from renderer: 0.100
[1588150000.545][SEVERE]: Timed out receiving message from renderer: 0.100
[1588150000.646][SEVERE]: Timed out receiving message from renderer: 0.100
[1588150000.749][SEVERE]: Timed out receiving message from renderer: 0.100
[1588150000.851][SEVERE]: Timed out receiving message from renderer: 0.100
[1588150000.953][SEVERE]: Timed out receiving message from renderer: 0.100
[1588150001.056][SEVERE]: Timed out receiving message from renderer: 0.100
[1588150001.158][SEVERE]: Timed out receiving message from renderer: 0.100
[1588150001.260][SEVERE]: Timed out receiving message from renderer: 0.100
[1588150001.361][SEVERE]: Timed out receiving message from renderer: 0.100
[1588150001.472][SEVERE]: Timed out receiving message from renderer: 0.100
[1588150001.574][SEVERE]: Timed out receiving message from renderer: 0.100
[1588150001.676][SEVERE]: Timed out receiving message from renderer: 0.100
[1588150001.777][SEVERE]: Timed out receiving message from renderer: 0.100
[1588150001.878][SEVERE]: Timed out receiving message from renderer: 0.100
[1588150001.980][SEVERE]: Timed out receiving message from renderer: 0.100
[1588150002.083][SEVERE]: Timed out receiving message from renderer: 0.100
[1588150002.185][SEVERE]: Timed out receiving message from renderer: 0.100
[1588150002.287][SEVERE]: Timed out receiving message from renderer: 0.100
[1588150002.388][SEVERE]: Timed out receiving message from renderer: 0.100
[1588150002.490][SEVERE]: Timed out receiving message from renderer: 0.100
[1588150002.592][SEVERE]: Timed out receiving message from renderer: 0.100
[1588150002.693][SEVERE]: Timed out receiving message from renderer: 0.100
[1588150002.794][SEVERE]: Timed out receiving message from renderer: 0.100
[1588150002.896][SEVERE]: Timed out receiving message from renderer: 0.100
[1588150002.998][SEVERE]: Timed out receiving message from renderer: 0.100
[1588150003.101][SEVERE]: Timed out receiving message from renderer: 0.100
[1588150003.202][SEVERE]: Timed out receiving message from renderer: 0.100
[1588150003.305][SEVERE]: Timed out receiving message from renderer: 0.100
[1588150003.407][SEVERE]: Timed out receiving message from renderer: 0.100
[1588150003.510][SEVERE]: Timed out receiving message from renderer: 0.100
[1588150003.611][SEVERE]: Timed out receiving message from renderer: 0.100
[1588150003.712][SEVERE]: Timed out receiving message from renderer: 0.100
[1588150003.815][SEVERE]: Timed out receiving message from renderer: 0.100
[1588150003.918][SEVERE]: Timed out receiving message from renderer: 0.100
[1588150004.020][SEVERE]: Timed out receiving message from renderer: 0.100
[1588150004.121][SEVERE]: Timed out receiving message from renderer: 0.100
[1588150004.222][SEVERE]: Timed out receiving message from renderer: 0.100
[1588150004.323][SEVERE]: Timed out receiving message from renderer: 0.100
[1588150004.425][SEVERE]: Timed out receiving message from renderer: 0.100
[1588150004.528][SEVERE]: Timed out receiving message from renderer: 0.100
[1588150004.630][SEVERE]: Timed out receiving message from renderer: 0.100
[1588150004.733][SEVERE]: Timed out receiving message from renderer: 0.100
[1588150004.834][SEVERE]: Timed out receiving message from renderer: 0.100
[1588150004.935][SEVERE]: Timed out receiving message from renderer: 0.100
[1588150005.037][SEVERE]: Timed out receiving message from renderer: 0.100
[1588150005.138][SEVERE]: Timed out receiving message from renderer: 0.100
[1588150005.240][SEVERE]: Timed out receiving message from renderer: 0.100
[1588150005.341][SEVERE]: Timed out receiving message from renderer: 0.100
[1588150005.445][SEVERE]: Timed out receiving message from renderer: 0.100
[1588150005.546][SEVERE]: Timed out receiving message from renderer: 0.100
[1588150005.649][SEVERE]: Timed out receiving message from renderer: 0.100
[1588150005.751][SEVERE]: Timed out receiving message from renderer: 0.100
[1588150005.853][SEVERE]: Timed out receiving message from renderer: 0.100
[1588150005.955][SEVERE]: Timed out receiving message from renderer: 0.100
[1588150006.056][SEVERE]: Timed out receiving message from renderer: 0.100
[1588150006.157][SEVERE]: Timed out receiving message from renderer: 0.100
[1588150006.259][SEVERE]: Timed out receiving message from renderer: 0.100
[1588150006.360][SEVERE]: Timed out receiving message from renderer: 0.100
[1588150006.466][SEVERE]: Timed out receiving message from renderer: 0.100
[1588150006.569][SEVERE]: Timed out receiving message from renderer: 0.100
[1588150006.671][SEVERE]: Timed out receiving message from renderer: 0.100
[1588150006.773][SEVERE]: Timed out receiving message from renderer: 0.100
[1588150006.875][SEVERE]: Timed out receiving message from renderer: 0.100
[1588150006.977][SEVERE]: Timed out receiving message from renderer: 0.100
[1588150007.079][SEVERE]: Timed out receiving message from renderer: 0.100
[1588150007.180][SEVERE]: Timed out receiving message from renderer: 0.100
[1588150007.282][SEVERE]: Timed out receiving message from renderer: 0.100
[1588150007.384][SEVERE]: Timed out receiving message from renderer: 0.100
[1588150007.486][SEVERE]: Timed out receiving message from renderer: 0.100
[1588150007.587][SEVERE]: Timed out receiving message from renderer: 0.100
[1588150007.689][SEVERE]: Timed out receiving message from renderer: 0.100
[1588150007.790][SEVERE]: Timed out receiving message from renderer: 0.100
[1588150007.891][SEVERE]: Timed out receiving message from renderer: 0.100
[1588150007.997][SEVERE]: Timed out receiving message from renderer: 0.100
[1588150008.104][SEVERE]: Timed out receiving message from renderer: 0.100
[1588150008.206][SEVERE]: Timed out receiving message from renderer: 0.100
[1588150008.312][SEVERE]: Timed out receiving message from renderer: 0.100
[1588150008.415][SEVERE]: Timed out receiving message from renderer: 0.100
[1588150008.518][SEVERE]: Timed out receiving message from renderer: 0.100
[1588150008.620][SEVERE]: Timed out receiving message from renderer: 0.100
[1588150008.721][SEVERE]: Timed out receiving message from renderer: 0.100
[1588150008.822][SEVERE]: Timed out receiving message from renderer: 0.100
[1588150008.924][SEVERE]: Timed out receiving message from renderer: 0.100
[1588150009.025][SEVERE]: Timed out receiving message from renderer: 0.100
[1588150009.127][SEVERE]: Timed out receiving message from renderer: 0.100
[1588150009.228][SEVERE]: Timed out receiving message from renderer: 0.100
[1588150009.330][SEVERE]: Timed out receiving message from renderer: 0.100
[1588150009.432][SEVERE]: Timed out receiving message from renderer: 0.100
[1588150009.534][SEVERE]: Timed out receiving message from renderer: 0.100
[1588150009.636][SEVERE]: Timed out receiving message from renderer: 0.100
[1588150009.737][SEVERE]: Timed out receiving message from renderer: 0.100
[1588150009.839][SEVERE]: Timed out receiving message from renderer: 0.100
[1588150009.940][SEVERE]: Timed out receiving message from renderer: 0.100
[1588150010.042][SEVERE]: Timed out receiving message from renderer: 0.100
[1588150010.144][SEVERE]: Timed out receiving message from renderer: 0.100
[1588150010.245][SEVERE]: Timed out receiving message from renderer: 0.100
[1588150010.347][SEVERE]: Timed out receiving message from renderer: 0.100
[1588150010.450][SEVERE]: Timed out receiving message from renderer: 0.100
[1588150010.552][SEVERE]: Timed out receiving message from renderer: 0.100
[1588150010.655][SEVERE]: Timed out receiving message from renderer: 0.100
[1588150010.757][SEVERE]: Timed out receiving message from renderer: 0.100
[1588150010.858][SEVERE]: Timed out receiving message from renderer: 0.100
[1588150010.959][SEVERE]: Timed out receiving message from renderer: 0.100
[1588150011.060][SEVERE]: Timed out receiving message from renderer: 0.100
[1588150011.162][SEVERE]: Timed out receiving message from renderer: 0.100
[1588150011.263][SEVERE]: Timed out receiving message from renderer: 0.100
[1588150011.365][SEVERE]: Timed out receiving message from renderer: 0.100
[1588150011.467][SEVERE]: Timed out receiving message from renderer: 0.100
[1588150011.568][SEVERE]: Timed out receiving message from renderer: 0.100
[1588150011.669][SEVERE]: Timed out receiving message from renderer: 0.100
[1588150011.817][SEVERE]: Timed out receiving message from renderer: 0.100
[1588150011.918][SEVERE]: Timed out receiving message from renderer: 0.100
[1588150012.020][SEVERE]: Timed out receiving message from renderer: 0.100
[1588150012.123][SEVERE]: Timed out receiving message from renderer: 0.100
[1588150012.225][SEVERE]: Timed out receiving message from renderer: 0.100
[1588150012.327][SEVERE]: Timed out receiving message from renderer: 0.100
[1588150012.428][SEVERE]: Timed out receiving message from renderer: 0.100
[1588150012.530][SEVERE]: Timed out receiving message from renderer: 0.100
[1588150012.634][SEVERE]: Timed out receiving message from renderer: 0.100
[1588150012.735][SEVERE]: Timed out receiving message from renderer: 0.100
[1588150012.836][SEVERE]: Timed out receiving message from renderer: 0.100
[1588150012.938][SEVERE]: Timed out receiving message from renderer: 0.100
[1588150013.040][SEVERE]: Timed out receiving message from renderer: 0.100
[1588150013.141][SEVERE]: Timed out receiving message from renderer: 0.100
[1588150013.242][SEVERE]: Timed out receiving message from renderer: 0.100
[1588150013.344][SEVERE]: Timed out receiving message from renderer: 0.100
[1588150013.446][SEVERE]: Timed out receiving message from renderer: 0.100
[1588150013.547][SEVERE]: Timed out receiving message from renderer: 0.100
[1588150013.649][SEVERE]: Timed out receiving message from renderer: 0.100
[1588150013.851][SEVERE]: Timed out receiving message from renderer: 0.100
[1588150013.953][SEVERE]: Timed out receiving message from renderer: 0.100
[1588150014.055][SEVERE]: Timed out receiving message from renderer: 0.100
[1588150014.157][SEVERE]: Timed out receiving message from renderer: 0.100
[1588150014.258][SEVERE]: Timed out receiving message from renderer: 0.100
[1588150014.360][SEVERE]: Timed out receiving message from renderer: 0.100
[1588150014.461][SEVERE]: Timed out receiving message from renderer: 0.100
[1588150014.563][SEVERE]: Timed out receiving message from renderer: 0.100
[1588150014.666][SEVERE]: Timed out receiving message from renderer: 0.100
[1588150014.768][SEVERE]: Timed out receiving message from renderer: 0.100
[1588150014.869][SEVERE]: Timed out receiving message from renderer: 0.100
[1588150014.971][SEVERE]: Timed out receiving message from renderer: 0.100
[1588150015.122][SEVERE]: Timed out receiving message from renderer: 0.100
[1588150015.224][SEVERE]: Timed out receiving message from renderer: 0.100
[1588150015.325][SEVERE]: Timed out receiving message from renderer: 0.100
[1588150015.428][SEVERE]: Timed out receiving message from renderer: 0.100
[1588150015.529][SEVERE]: Timed out receiving message from renderer: 0.100
[1588150015.630][SEVERE]: Timed out receiving message from renderer: 0.100
[1588150015.795][SEVERE]: Timed out receiving message from renderer: 0.100
[1588150015.897][SEVERE]: Timed out receiving message from renderer: 0.100
[1588150015.999][SEVERE]: Timed out receiving message from renderer: 0.100
[1588150016.101][SEVERE]: Timed out receiving message from renderer: 0.100
[1588150016.202][SEVERE]: Timed out receiving message from renderer: 0.100
[1588150016.303][SEVERE]: Timed out receiving message from renderer: 0.100
[1588150016.405][SEVERE]: Timed out receiving message from renderer: 0.100
[1588150016.506][SEVERE]: Timed out receiving message from renderer: 0.100
[1588150016.608][SEVERE]: Timed out receiving message from renderer: 0.100
[1588150016.709][SEVERE]: Timed out receiving message from renderer: 0.100
[1588150016.810][SEVERE]: Timed out receiving message from renderer: 0.100
[1588150016.912][SEVERE]: Timed out receiving message from renderer: 0.100
[1588150017.014][SEVERE]: Timed out receiving message from renderer: 0.100
[1588150017.116][SEVERE]: Timed out receiving message from renderer: 0.100
[1588150017.218][SEVERE]: Timed out receiving message from renderer: 0.100
[1588150062.701][SEVERE]: Timed out receiving message from renderer: 0.100
[1588150062.803][SEVERE]: Timed out receiving message from renderer: 0.100
[1588150062.904][SEVERE]: Timed out receiving message from renderer: 0.100
[1588150063.006][SEVERE]: Timed out receiving message from renderer: 0.100
[1588150063.107][SEVERE]: Timed out receiving message from renderer: 0.100
[1588150063.208][SEVERE]: Timed out receiving message from renderer: 0.100
[1588150063.309][SEVERE]: Timed out receiving message from renderer: 0.100
[1588150063.413][SEVERE]: Timed out receiving message from renderer: 0.100
[1588150063.517][SEVERE]: Timed out receiving message from renderer: 0.100
[1588150063.618][SEVERE]: Timed out receiving message from renderer: 0.100
[1588150063.719][SEVERE]: Timed out receiving message from renderer: 0.100
[1588150063.821][SEVERE]: Timed out receiving message from renderer: 0.100
[1588150063.922][SEVERE]: Timed out receiving message from renderer: 0.100
[1588150064.025][SEVERE]: Timed out receiving message from renderer: 0.100
[1588150064.126][SEVERE]: Timed out receiving message from renderer: 0.100
[1588150064.228][SEVERE]: Timed out receiving message from renderer: 0.100
[1588150064.331][SEVERE]: Timed out receiving message from renderer: 0.100
[1588150064.433][SEVERE]: Timed out receiving message from renderer: 0.100
[1588150064.534][SEVERE]: Timed out receiving message from renderer: 0.100
[1588150064.635][SEVERE]: Timed out receiving message from renderer: 0.100
[1588150064.737][SEVERE]: Timed out receiving message from renderer: 0.100
[1588150064.838][SEVERE]: Timed out receiving message from renderer: 0.100
[1588150064.940][SEVERE]: Timed out receiving message from renderer: 0.100
[1588150065.042][SEVERE]: Timed out receiving message from renderer: 0.100
[1588150065.144][SEVERE]: Timed out receiving message from renderer: 0.100
[1588150065.247][SEVERE]: Timed out receiving message from renderer: 0.100
[1588150065.348][SEVERE]: Timed out receiving message from renderer: 0.100
[1588150065.450][SEVERE]: Timed out receiving message from renderer: 0.100
[1588150065.551][SEVERE]: Timed out receiving message from renderer: 0.100
[1588150065.652][SEVERE]: Timed out receiving message from renderer: 0.100
[1588150065.753][SEVERE]: Timed out receiving message from renderer: 0.100
[1588150065.855][SEVERE]: Timed out receiving message from renderer: 0.100
[1588150065.956][SEVERE]: Timed out receiving message from renderer: 0.100
[1588150066.059][SEVERE]: Timed out receiving message from renderer: 0.100
[1588150066.160][SEVERE]: Timed out receiving message from renderer: 0.100
[1588150066.261][SEVERE]: Timed out receiving message from renderer: 0.100
[1588150066.366][SEVERE]: Timed out receiving message from renderer: 0.100
[1588150066.470][SEVERE]: Timed out receiving message from renderer: 0.100
[1588150066.572][SEVERE]: Timed out receiving message from renderer: 0.100
[1588150066.674][SEVERE]: Timed out receiving message from renderer: 0.100
[1588150066.775][SEVERE]: Timed out receiving message from renderer: 0.100
[1588150066.876][SEVERE]: Timed out receiving message from renderer: 0.100
[1588150066.990][SEVERE]: Timed out receiving message from renderer: 0.100
[1588150067.092][SEVERE]: Timed out receiving message from renderer: 0.100
[1588150067.193][SEVERE]: Timed out receiving message from renderer: 0.100
[1588150067.296][SEVERE]: Timed out receiving message from renderer: 0.100
[1588150067.398][SEVERE]: Timed out receiving message from renderer: 0.100
[1588150067.500][SEVERE]: Timed out receiving message from renderer: 0.100
[1588150067.602][SEVERE]: Timed out receiving message from renderer: 0.100
[1588150067.704][SEVERE]: Timed out receiving message from renderer: 0.100
[1588150067.805][SEVERE]: Timed out receiving message from renderer: 0.100
[1588150067.906][SEVERE]: Timed out receiving message from renderer: 0.100
[1588150068.008][SEVERE]: Timed out receiving message from renderer: 0.100
[1588150068.109][SEVERE]: Timed out receiving message from renderer: 0.100
[1588150068.211][SEVERE]: Timed out receiving message from renderer: 0.100
[1588150068.313][SEVERE]: Timed out receiving message from renderer: 0.100
[1588150068.415][SEVERE]: Timed out receiving message from renderer: 0.100
[1588150068.516][SEVERE]: Timed out receiving message from renderer: 0.100
[1588150068.618][SEVERE]: Timed out receiving message from renderer: 0.100
[1588150068.719][SEVERE]: Timed out receiving message from renderer: 0.100
[1588150068.821][SEVERE]: Timed out receiving message from renderer: 0.100
[1588150069.266][SEVERE]: Timed out receiving message from renderer: 0.100
[1588150069.609][SEVERE]: Timed out receiving message from renderer: 0.100
[1588150069.758][SEVERE]: Timed out receiving message from renderer: 0.100
[1588150069.860][SEVERE]: Timed out receiving message from renderer: 0.100
[1588150069.962][SEVERE]: Timed out receiving message from renderer: 0.100
[1588150070.064][SEVERE]: Timed out receiving message from renderer: 0.100
[1588150070.165][SEVERE]: Timed out receiving message from renderer: 0.100
[1588150070.266][SEVERE]: Timed out receiving message from renderer: 0.100
[1588150070.368][SEVERE]: Timed out receiving message from renderer: 0.100
[1588150070.469][SEVERE]: Timed out receiving message from renderer: 0.100
[1588150070.570][SEVERE]: Timed out receiving message from renderer: 0.100
[1588150070.672][SEVERE]: Timed out receiving message from renderer: 0.100
[1588150070.773][SEVERE]: Timed out receiving message from renderer: 0.100
[1588150070.877][SEVERE]: Timed out receiving message from renderer: 0.100
[1588150070.979][SEVERE]: Timed out receiving message from renderer: 0.100
[1588150071.081][SEVERE]: Timed out receiving message from renderer: 0.100
[1588150071.182][SEVERE]: Timed out receiving message from renderer: 0.100
[1588150071.284][SEVERE]: Timed out receiving message from renderer: 0.100
[1588150071.389][SEVERE]: Timed out receiving message from renderer: 0.100
[1588150071.493][SEVERE]: Timed out receiving message from renderer: 0.100
[1588150071.594][SEVERE]: Timed out receiving message from renderer: 0.100
[1588150071.697][SEVERE]: Timed out receiving message from renderer: 0.100
[1588150071.798][SEVERE]: Timed out receiving message from renderer: 0.100
[1588150071.899][SEVERE]: Timed out receiving message from renderer: 0.100
[1588150072.001][SEVERE]: Timed out receiving message from renderer: 0.100
[1588150072.104][SEVERE]: Timed out receiving message from renderer: 0.100
[1588150072.205][SEVERE]: Timed out receiving message from renderer: 0.100
[1588150072.307][SEVERE]: Timed out receiving message from renderer: 0.100
[1588150072.409][SEVERE]: Timed out receiving message from renderer: 0.100
[1588150072.511][SEVERE]: Timed out receiving message from renderer: 0.100
[1588150072.612][SEVERE]: Timed out receiving message from renderer: 0.100
[1588150072.714][SEVERE]: Timed out receiving message from renderer: 0.100
[1588150072.815][SEVERE]: Timed out receiving message from renderer: 0.100
[1588150072.917][SEVERE]: Timed out receiving message from renderer: 0.100
[1588150073.018][SEVERE]: Timed out receiving message from renderer: 0.100
[1588150073.120][SEVERE]: Timed out receiving message from renderer: 0.100
[1588150073.222][SEVERE]: Timed out receiving message from renderer: 0.100
[1588150073.323][SEVERE]: Timed out receiving message from renderer: 0.100
[1588150073.426][SEVERE]: Timed out receiving message from renderer: 0.100
[1588150073.527][SEVERE]: Timed out receiving message from renderer: 0.100
[1588150073.629][SEVERE]: Timed out receiving message from renderer: 0.100
[1588150073.731][SEVERE]: Timed out receiving message from renderer: 0.100
[1588150073.833][SEVERE]: Timed out receiving message from renderer: 0.100
[1588150073.934][SEVERE]: Timed out receiving message from renderer: 0.100
[1588150074.036][SEVERE]: Timed out receiving message from renderer: 0.100
[1588150074.137][SEVERE]: Timed out receiving message from renderer: 0.100
[1588150074.238][SEVERE]: Timed out receiving message from renderer: 0.100
[1588150074.340][SEVERE]: Timed out receiving message from renderer: 0.100
[1588150074.441][SEVERE]: Timed out receiving message from renderer: 0.100
[1588150074.543][SEVERE]: Timed out receiving message from renderer: 0.100
[1588150074.647][SEVERE]: Timed out receiving message from renderer: 0.100
[1588150074.748][SEVERE]: Timed out receiving message from renderer: 0.100
[1588150074.850][SEVERE]: Timed out receiving message from renderer: 0.100
[1588150074.952][SEVERE]: Timed out receiving message from renderer: 0.100
[1588150075.053][SEVERE]: Timed out receiving message from renderer: 0.100
[1588150075.154][SEVERE]: Timed out receiving message from renderer: 0.100
[1588150075.255][SEVERE]: Timed out receiving message from renderer: 0.100
[1588150075.357][SEVERE]: Timed out receiving message from renderer: 0.100
[1588150075.458][SEVERE]: Timed out receiving message from renderer: 0.100
[1588150075.559][SEVERE]: Timed out receiving message from renderer: 0.100
[1588150075.661][SEVERE]: Timed out receiving message from renderer: 0.100
[1588150075.763][SEVERE]: Timed out receiving message from renderer: 0.100
[1588150075.864][SEVERE]: Timed out receiving message from renderer: 0.100
[1588150075.967][SEVERE]: Timed out receiving message from renderer: 0.100
[1588150076.068][SEVERE]: Timed out receiving message from renderer: 0.100
[1588150076.170][SEVERE]: Timed out receiving message from renderer: 0.100
[1588150076.272][SEVERE]: Timed out receiving message from renderer: 0.100
[1588150076.373][SEVERE]: Timed out receiving message from renderer: 0.100
[1588150076.475][SEVERE]: Timed out receiving message from renderer: 0.100
[1588150076.577][SEVERE]: Timed out receiving message from renderer: 0.100
[1588150076.679][SEVERE]: Timed out receiving message from renderer: 0.100
[1588150076.781][SEVERE]: Timed out receiving message from renderer: 0.100
[1588150076.882][SEVERE]: Timed out receiving message from renderer: 0.100
[1588150076.983][SEVERE]: Timed out receiving message from renderer: 0.100
[1588150077.084][SEVERE]: Timed out receiving message from renderer: 0.100
[1588150077.186][SEVERE]: Timed out receiving message from renderer: 0.100
[1588150077.288][SEVERE]: Timed out receiving message from renderer: 0.100
[1588150077.389][SEVERE]: Timed out receiving message from renderer: 0.100
[1588150077.490][SEVERE]: Timed out receiving message from renderer: 0.100
[1588150077.593][SEVERE]: Timed out receiving message from renderer: 0.100
[1588150077.695][SEVERE]: Timed out receiving message from renderer: 0.100
[1588150077.796][SEVERE]: Timed out receiving message from renderer: 0.100
[1588150077.898][SEVERE]: Timed out receiving message from renderer: 0.100
[1588150078.000][SEVERE]: Timed out receiving message from renderer: 0.100
[1588150078.102][SEVERE]: Timed out receiving message from renderer: 0.100
[1588150078.374][SEVERE]: Timed out receiving message from renderer: 0.100
[1588150078.476][SEVERE]: Timed out receiving message from renderer: 0.100
[1588150078.749][SEVERE]: Timed out receiving message from renderer: 0.100
]]></system-err>
</testsuite>
