<?xml version="1.0" encoding="UTF-8"?>
<testsuite name="demo.CucumberRunner" tests="0" skipped="0" failures="0" errors="0" timestamp="1970-01-01T00:00:00" hostname="JonathanTheodoric" time="0.0">
  <properties/>
  <system-out><![CDATA[
?[31mFailed scenarios:?[0m
?[31mfile:///C:/Users/Jonathan%20Theodoric/IdeaProjects/Web_JonathanTheodoric/src/test/resources/features/PokemonSearch.feature:2?[0m# Search Pikachu
?[31mfile:///C:/Users/Jonathan%20Theodoric/IdeaProjects/Web_JonathanTheodoric/src/test/resources/features/PokemonSearch.feature:7?[0m# Search Bulbasaur
?[31mfile:///C:/Users/Jonathan%20Theodoric/IdeaProjects/Web_JonathanTheodoric/src/test/resources/features/PokemonSearch.feature:12?[0m# Search Eevee

3 Scenarios (?[31m3 failed?[0m)
9 Steps (?[31m3 failed?[0m, ?[36m6 skipped?[0m)
0m0.459s


java.lang.NullPointerException
	at demo.pages.HomePage.openHomePage(HomePage.java:9)
	at demo.steps.PokemonStepDefinition.userOpenBulbapediaHomePage(PokemonStepDefinition.java:16)
	at ?.User open bulbapedia home page(file:///C:/Users/Jonathan%20Theodoric/IdeaProjects/Web_JonathanTheodoric/src/test/resources/features/PokemonSearch.feature:3)

java.lang.NullPointerException
	at demo.pages.HomePage.openHomePage(HomePage.java:9)
	at demo.steps.PokemonStepDefinition.userOpenBulbapediaHomePage(PokemonStepDefinition.java:16)
	at ?.User open bulbapedia home page(file:///C:/Users/Jonathan%20Theodoric/IdeaProjects/Web_JonathanTheodoric/src/test/resources/features/PokemonSearch.feature:8)

java.lang.NullPointerException
	at demo.pages.HomePage.openHomePage(HomePage.java:9)
	at demo.steps.PokemonStepDefinition.userOpenBulbapediaHomePage(PokemonStepDefinition.java:16)
	at ?.User open bulbapedia home page(file:///C:/Users/Jonathan%20Theodoric/IdeaProjects/Web_JonathanTheodoric/src/test/resources/features/PokemonSearch.feature:13)


]]></system-out>
  <system-err><![CDATA[Apr 29, 2020 3:38:44 PM io.cucumber.junit.Cucumber <init>
WARNING: By default Cucumber is running in --non-strict mode.
This default will change to --strict and --non-strict will be removed.
You can use --strict or @CucumberOptions(strict = true) to suppress this warning
]]></system-err>
</testsuite>
